Error type: E_ERROR
Error file: "F:\www\NewSite\src\Bootstrap.php" line 44
Error message: Uncaught TypeError: Argument 1 passed to Bootstrap::handleException() must be an instance of Exception, instance of ParseError given in F:\www\NewSite\src\Bootstrap.php:44
Stack trace:
#0 [internal function]: Bootstrap::handleException(Object(ParseError))
#1 {main}
  thrown
Error type: E_ERROR
Error file: "F:\www\NewSite\src\Bootstrap.php" line 44
Error message: Uncaught TypeError: Argument 1 passed to Bootstrap::handleException() must be an instance of Exception, instance of ParseError given in F:\www\NewSite\src\Bootstrap.php:44
Stack trace:
#0 [internal function]: Bootstrap::handleException(Object(ParseError))
#1 {main}
  thrown
Error type: E_ERROR
Error file: "F:\www\NewSite\src\Bootstrap.php" line 44
Error message: Uncaught TypeError: Argument 1 passed to Bootstrap::handleException() must be an instance of Exception, instance of ParseError given in F:\www\NewSite\src\Bootstrap.php:44
Stack trace:
#0 [internal function]: Bootstrap::handleException(Object(ParseError))
#1 {main}
  thrown
Error type: E_ERROR
Error file: "F:\www\NewSite\src\Bootstrap.php" line 44
Error message: Uncaught TypeError: Argument 1 passed to Bootstrap::handleException() must be an instance of Exception, instance of ParseError given in F:\www\NewSite\src\Bootstrap.php:44
Stack trace:
#0 [internal function]: Bootstrap::handleException(Object(ParseError))
#1 {main}
  thrown
Error type: E_ERROR
Error file: "F:\www\NewSite\src\Bootstrap.php" line 44
Error message: Uncaught TypeError: Argument 1 passed to Bootstrap::handleException() must be an instance of Exception, instance of Error given in F:\www\NewSite\src\Bootstrap.php:44
Stack trace:
#0 [internal function]: Bootstrap::handleException(Object(Error))
#1 {main}
  thrown
